<?xml version="1.0" encoding="UTF-8"?>
<testng-results ignored="0" total="2" passed="2" failed="0" skipped="0">
  <reporter-output>
  </reporter-output>
  <suite started-at="2021-05-19T05:00:59Z" name="Default suite" finished-at="2021-05-19T05:00:59Z" duration-ms="56">
    <groups>
    </groups>
    <test started-at="2021-05-19T05:00:59Z" name="Default test" finished-at="2021-05-19T05:00:59Z" duration-ms="56">
      <class name="annotations.TestNGsessions">
        <test-method is-config="true" signature="setup()[pri:0, instance:annotations.TestNGsessions@6221a451]" started-at="2021-05-19T10:30:59Z" name="setup" finished-at="2021-05-19T10:30:59Z" duration-ms="11" status="PASS">
          <reporter-output>
          </reporter-output>
        </test-method> <!-- setup -->
        <test-method signature="test1()[pri:0, instance:annotations.TestNGsessions@6221a451]" started-at="2021-05-19T10:30:59Z" name="test1" finished-at="2021-05-19T10:30:59Z" duration-ms="9" status="PASS">
          <reporter-output>
          </reporter-output>
        </test-method> <!-- test1 -->
        <test-method signature="test2()[pri:0, instance:annotations.TestNGsessions@6221a451]" started-at="2021-05-19T10:30:59Z" name="test2" finished-at="2021-05-19T10:30:59Z" duration-ms="11" status="PASS">
          <reporter-output>
          </reporter-output>
        </test-method> <!-- test2 -->
        <test-method is-config="true" signature="aftersuit()[pri:0, instance:annotations.TestNGsessions@6221a451]" started-at="2021-05-19T10:31:00Z" name="aftersuit" finished-at="2021-05-19T10:31:00Z" duration-ms="1" status="PASS">
          <reporter-output>
          </reporter-output>
        </test-method> <!-- aftersuit -->
      </class> <!-- annotations.TestNGsessions -->
    </test> <!-- Default test -->
  </suite> <!-- Default suite -->
</testng-results>
